<?xml version="1.0" encoding="UTF-8"?>
<testsuite name="uj.java.w7.insurance.FloridaInsuranceTest" tests="3" skipped="0" failures="0" errors="0" timestamp="2021-12-14T18:17:38" hostname="DESKTOP-67GM0CL" time="0.02">
  <properties/>
  <testcase name="checkTiv2012()" classname="uj.java.w7.insurance.FloridaInsuranceTest" time="0.016"/>
  <testcase name="checkMostValuable()" classname="uj.java.w7.insurance.FloridaInsuranceTest" time="0.002"/>
  <testcase name="checkCount()" classname="uj.java.w7.insurance.FloridaInsuranceTest" time="0.001"/>
  <system-out><![CDATA[Count file already exists
Writing to countFile
67
Tiv2012 file already exists
Writing to countFile
9.418616410202989E10
most_valuable file already exists
94186164102.03
country,value
MIAMI DADE COUNTY,2882965581.64
BROWARD COUNTY,1578082896.54
HILLSBOROUGH COUNTY,1527164673.79
PALM BEACH COUNTY,1408934392.13
DUVAL COUNTY,1126022307.03
ORANGE COUNTY,616096089.04
PINELLAS COUNTY,507638763.66
POLK COUNTY,456782521.59
PASCO COUNTY,367787800.71
COLLIER COUNTY,350520648.35
67
]]></system-out>
  <system-err><![CDATA[]]></system-err>
</testsuite>
