<?xml version="1.0" encoding="UTF-8"?>
<testsuite name="uj.java.w3.BattleshipGeneratorTest" tests="102" skipped="0" failures="0" errors="0" timestamp="2021-11-07T11:51:59" hostname="DESKTOP-67GM0CL" time="0.317">
  <properties/>
  <testcase name="Battleship map correctness, test 1 of 100" classname="uj.java.w3.BattleshipGeneratorTest" time="0.106"/>
  <testcase name="Battleship map correctness, test 2 of 100" classname="uj.java.w3.BattleshipGeneratorTest" time="0.003"/>
  <testcase name="Battleship map correctness, test 3 of 100" classname="uj.java.w3.BattleshipGeneratorTest" time="0.003"/>
  <testcase name="Battleship map correctness, test 4 of 100" classname="uj.java.w3.BattleshipGeneratorTest" time="0.003"/>
  <testcase name="Battleship map correctness, test 5 of 100" classname="uj.java.w3.BattleshipGeneratorTest" time="0.002"/>
  <testcase name="Battleship map correctness, test 6 of 100" classname="uj.java.w3.BattleshipGeneratorTest" time="0.002"/>
  <testcase name="Battleship map correctness, test 7 of 100" classname="uj.java.w3.BattleshipGeneratorTest" time="0.003"/>
  <testcase name="Battleship map correctness, test 8 of 100" classname="uj.java.w3.BattleshipGeneratorTest" time="0.003"/>
  <testcase name="Battleship map correctness, test 9 of 100" classname="uj.java.w3.BattleshipGeneratorTest" time="0.001"/>
  <testcase name="Battleship map correctness, test 10 of 100" classname="uj.java.w3.BattleshipGeneratorTest" time="0.002"/>
  <testcase name="Battleship map correctness, test 11 of 100" classname="uj.java.w3.BattleshipGeneratorTest" time="0.002"/>
  <testcase name="Battleship map correctness, test 12 of 100" classname="uj.java.w3.BattleshipGeneratorTest" time="0.002"/>
  <testcase name="Battleship map correctness, test 13 of 100" classname="uj.java.w3.BattleshipGeneratorTest" time="0.002"/>
  <testcase name="Battleship map correctness, test 14 of 100" classname="uj.java.w3.BattleshipGeneratorTest" time="0.002"/>
  <testcase name="Battleship map correctness, test 15 of 100" classname="uj.java.w3.BattleshipGeneratorTest" time="0.002"/>
  <testcase name="Battleship map correctness, test 16 of 100" classname="uj.java.w3.BattleshipGeneratorTest" time="0.001"/>
  <testcase name="Battleship map correctness, test 17 of 100" classname="uj.java.w3.BattleshipGeneratorTest" time="0.001"/>
  <testcase name="Battleship map correctness, test 18 of 100" classname="uj.java.w3.BattleshipGeneratorTest" time="0.002"/>
  <testcase name="Battleship map correctness, test 19 of 100" classname="uj.java.w3.BattleshipGeneratorTest" time="0.001"/>
  <testcase name="Battleship map correctness, test 20 of 100" classname="uj.java.w3.BattleshipGeneratorTest" time="0.002"/>
  <testcase name="Battleship map correctness, test 21 of 100" classname="uj.java.w3.BattleshipGeneratorTest" time="0.002"/>
  <testcase name="Battleship map correctness, test 22 of 100" classname="uj.java.w3.BattleshipGeneratorTest" time="0.001"/>
  <testcase name="Battleship map correctness, test 23 of 100" classname="uj.java.w3.BattleshipGeneratorTest" time="0.001"/>
  <testcase name="Battleship map correctness, test 24 of 100" classname="uj.java.w3.BattleshipGeneratorTest" time="0.001"/>
  <testcase name="Battleship map correctness, test 25 of 100" classname="uj.java.w3.BattleshipGeneratorTest" time="0.002"/>
  <testcase name="Battleship map correctness, test 26 of 100" classname="uj.java.w3.BattleshipGeneratorTest" time="0.001"/>
  <testcase name="Battleship map correctness, test 27 of 100" classname="uj.java.w3.BattleshipGeneratorTest" time="0.001"/>
  <testcase name="Battleship map correctness, test 28 of 100" classname="uj.java.w3.BattleshipGeneratorTest" time="0.001"/>
  <testcase name="Battleship map correctness, test 29 of 100" classname="uj.java.w3.BattleshipGeneratorTest" time="0.002"/>
  <testcase name="Battleship map correctness, test 30 of 100" classname="uj.java.w3.BattleshipGeneratorTest" time="0.001"/>
  <testcase name="Battleship map correctness, test 31 of 100" classname="uj.java.w3.BattleshipGeneratorTest" time="0.001"/>
  <testcase name="Battleship map correctness, test 32 of 100" classname="uj.java.w3.BattleshipGeneratorTest" time="0.001"/>
  <testcase name="Battleship map correctness, test 33 of 100" classname="uj.java.w3.BattleshipGeneratorTest" time="0.002"/>
  <testcase name="Battleship map correctness, test 34 of 100" classname="uj.java.w3.BattleshipGeneratorTest" time="0.001"/>
  <testcase name="Battleship map correctness, test 35 of 100" classname="uj.java.w3.BattleshipGeneratorTest" time="0.001"/>
  <testcase name="Battleship map correctness, test 36 of 100" classname="uj.java.w3.BattleshipGeneratorTest" time="0.002"/>
  <testcase name="Battleship map correctness, test 37 of 100" classname="uj.java.w3.BattleshipGeneratorTest" time="0.001"/>
  <testcase name="Battleship map correctness, test 38 of 100" classname="uj.java.w3.BattleshipGeneratorTest" time="0.001"/>
  <testcase name="Battleship map correctness, test 39 of 100" classname="uj.java.w3.BattleshipGeneratorTest" time="0.001"/>
  <testcase name="Battleship map correctness, test 40 of 100" classname="uj.java.w3.BattleshipGeneratorTest" time="0.001"/>
  <testcase name="Battleship map correctness, test 41 of 100" classname="uj.java.w3.BattleshipGeneratorTest" time="0.001"/>
  <testcase name="Battleship map correctness, test 42 of 100" classname="uj.java.w3.BattleshipGeneratorTest" time="0.001"/>
  <testcase name="Battleship map correctness, test 43 of 100" classname="uj.java.w3.BattleshipGeneratorTest" time="0.001"/>
  <testcase name="Battleship map correctness, test 44 of 100" classname="uj.java.w3.BattleshipGeneratorTest" time="0.001"/>
  <testcase name="Battleship map correctness, test 45 of 100" classname="uj.java.w3.BattleshipGeneratorTest" time="0.001"/>
  <testcase name="Battleship map correctness, test 46 of 100" classname="uj.java.w3.BattleshipGeneratorTest" time="0.001"/>
  <testcase name="Battleship map correctness, test 47 of 100" classname="uj.java.w3.BattleshipGeneratorTest" time="0.001"/>
  <testcase name="Battleship map correctness, test 48 of 100" classname="uj.java.w3.BattleshipGeneratorTest" time="0.001"/>
  <testcase name="Battleship map correctness, test 49 of 100" classname="uj.java.w3.BattleshipGeneratorTest" time="0.001"/>
  <testcase name="Battleship map correctness, test 50 of 100" classname="uj.java.w3.BattleshipGeneratorTest" time="0.001"/>
  <testcase name="Battleship map correctness, test 51 of 100" classname="uj.java.w3.BattleshipGeneratorTest" time="0.002"/>
  <testcase name="Battleship map correctness, test 52 of 100" classname="uj.java.w3.BattleshipGeneratorTest" time="0.002"/>
  <testcase name="Battleship map correctness, test 53 of 100" classname="uj.java.w3.BattleshipGeneratorTest" time="0.002"/>
  <testcase name="Battleship map correctness, test 54 of 100" classname="uj.java.w3.BattleshipGeneratorTest" time="0.001"/>
  <testcase name="Battleship map correctness, test 55 of 100" classname="uj.java.w3.BattleshipGeneratorTest" time="0.001"/>
  <testcase name="Battleship map correctness, test 56 of 100" classname="uj.java.w3.BattleshipGeneratorTest" time="0.001"/>
  <testcase name="Battleship map correctness, test 57 of 100" classname="uj.java.w3.BattleshipGeneratorTest" time="0.001"/>
  <testcase name="Battleship map correctness, test 58 of 100" classname="uj.java.w3.BattleshipGeneratorTest" time="0.001"/>
  <testcase name="Battleship map correctness, test 59 of 100" classname="uj.java.w3.BattleshipGeneratorTest" time="0.001"/>
  <testcase name="Battleship map correctness, test 60 of 100" classname="uj.java.w3.BattleshipGeneratorTest" time="0.001"/>
  <testcase name="Battleship map correctness, test 61 of 100" classname="uj.java.w3.BattleshipGeneratorTest" time="0.001"/>
  <testcase name="Battleship map correctness, test 62 of 100" classname="uj.java.w3.BattleshipGeneratorTest" time="0.001"/>
  <testcase name="Battleship map correctness, test 63 of 100" classname="uj.java.w3.BattleshipGeneratorTest" time="0.001"/>
  <testcase name="Battleship map correctness, test 64 of 100" classname="uj.java.w3.BattleshipGeneratorTest" time="0.001"/>
  <testcase name="Battleship map correctness, test 65 of 100" classname="uj.java.w3.BattleshipGeneratorTest" time="0.001"/>
  <testcase name="Battleship map correctness, test 66 of 100" classname="uj.java.w3.BattleshipGeneratorTest" time="0.001"/>
  <testcase name="Battleship map correctness, test 67 of 100" classname="uj.java.w3.BattleshipGeneratorTest" time="0.001"/>
  <testcase name="Battleship map correctness, test 68 of 100" classname="uj.java.w3.BattleshipGeneratorTest" time="0.001"/>
  <testcase name="Battleship map correctness, test 69 of 100" classname="uj.java.w3.BattleshipGeneratorTest" time="0.002"/>
  <testcase name="Battleship map correctness, test 70 of 100" classname="uj.java.w3.BattleshipGeneratorTest" time="0.001"/>
  <testcase name="Battleship map correctness, test 71 of 100" classname="uj.java.w3.BattleshipGeneratorTest" time="0.001"/>
  <testcase name="Battleship map correctness, test 72 of 100" classname="uj.java.w3.BattleshipGeneratorTest" time="0.001"/>
  <testcase name="Battleship map correctness, test 73 of 100" classname="uj.java.w3.BattleshipGeneratorTest" time="0.001"/>
  <testcase name="Battleship map correctness, test 74 of 100" classname="uj.java.w3.BattleshipGeneratorTest" time="0.001"/>
  <testcase name="Battleship map correctness, test 75 of 100" classname="uj.java.w3.BattleshipGeneratorTest" time="0.001"/>
  <testcase name="Battleship map correctness, test 76 of 100" classname="uj.java.w3.BattleshipGeneratorTest" time="0.001"/>
  <testcase name="Battleship map correctness, test 77 of 100" classname="uj.java.w3.BattleshipGeneratorTest" time="0.001"/>
  <testcase name="Battleship map correctness, test 78 of 100" classname="uj.java.w3.BattleshipGeneratorTest" time="0.002"/>
  <testcase name="Battleship map correctness, test 79 of 100" classname="uj.java.w3.BattleshipGeneratorTest" time="0.001"/>
  <testcase name="Battleship map correctness, test 80 of 100" classname="uj.java.w3.BattleshipGeneratorTest" time="0.001"/>
  <testcase name="Battleship map correctness, test 81 of 100" classname="uj.java.w3.BattleshipGeneratorTest" time="0.001"/>
  <testcase name="Battleship map correctness, test 82 of 100" classname="uj.java.w3.BattleshipGeneratorTest" time="0.001"/>
  <testcase name="Battleship map correctness, test 83 of 100" classname="uj.java.w3.BattleshipGeneratorTest" time="0.001"/>
  <testcase name="Battleship map correctness, test 84 of 100" classname="uj.java.w3.BattleshipGeneratorTest" time="0.001"/>
  <testcase name="Battleship map correctness, test 85 of 100" classname="uj.java.w3.BattleshipGeneratorTest" time="0.001"/>
  <testcase name="Battleship map correctness, test 86 of 100" classname="uj.java.w3.BattleshipGeneratorTest" time="0.001"/>
  <testcase name="Battleship map correctness, test 87 of 100" classname="uj.java.w3.BattleshipGeneratorTest" time="0.001"/>
  <testcase name="Battleship map correctness, test 88 of 100" classname="uj.java.w3.BattleshipGeneratorTest" time="0.002"/>
  <testcase name="Battleship map correctness, test 89 of 100" classname="uj.java.w3.BattleshipGeneratorTest" time="0.002"/>
  <testcase name="Battleship map correctness, test 90 of 100" classname="uj.java.w3.BattleshipGeneratorTest" time="0.001"/>
  <testcase name="Battleship map correctness, test 91 of 100" classname="uj.java.w3.BattleshipGeneratorTest" time="0.001"/>
  <testcase name="Battleship map correctness, test 92 of 100" classname="uj.java.w3.BattleshipGeneratorTest" time="0.001"/>
  <testcase name="Battleship map correctness, test 93 of 100" classname="uj.java.w3.BattleshipGeneratorTest" time="0.0"/>
  <testcase name="Battleship map correctness, test 94 of 100" classname="uj.java.w3.BattleshipGeneratorTest" time="0.001"/>
  <testcase name="Battleship map correctness, test 95 of 100" classname="uj.java.w3.BattleshipGeneratorTest" time="0.001"/>
  <testcase name="Battleship map correctness, test 96 of 100" classname="uj.java.w3.BattleshipGeneratorTest" time="0.001"/>
  <testcase name="Battleship map correctness, test 97 of 100" classname="uj.java.w3.BattleshipGeneratorTest" time="0.001"/>
  <testcase name="Battleship map correctness, test 98 of 100" classname="uj.java.w3.BattleshipGeneratorTest" time="0.001"/>
  <testcase name="Battleship map correctness, test 99 of 100" classname="uj.java.w3.BattleshipGeneratorTest" time="0.002"/>
  <testcase name="Battleship map correctness, test 100 of 100" classname="uj.java.w3.BattleshipGeneratorTest" time="0.002"/>
  <testcase name="Battleship map randomness, test 1 of 2" classname="uj.java.w3.BattleshipGeneratorTest" time="0.001"/>
  <testcase name="Battleship map randomness, test 2 of 2" classname="uj.java.w3.BattleshipGeneratorTest" time="0.0"/>
  <system-out><![CDATA[...#.#.......#.###..#........#..#.......#.#...##..#.....#......#.................##........#....#...
.##........#.......#....#..#####.##............#...##....#...................#............#....#...#
.........#...###.#.........#.#....#....#.##............#.........###...##........#......#......#....
.....####.............#......#....#..#.#....#..#.........#.....#......#.##.....#......#......#..#...
.#.....#..................#.#.......#.#....##.....#..#......#....#.#..#.#....###..#..#..............
.#.............#..#.#...##............#.....##..#.##..#...........#......#..###.#..#................
.........#..###.............##...#...........#.........#..##........##.###...........#.##..#........
....#..................#....##...###....#.................##.....##...#....#..##........#.#..##.....
#..#.#.......#....#....#...........#...#.###.###.#......................##..#.........#.#...........
..#.....#...........#.##...#....#....#...........#......#.....##..###...........##........#.....##..
.#...........#.##..#.........#..#.......###.#..##.....#..#....#.#..............#......##............
......#.#.........#.....#........##...#...........##............#.#####.#.......#.#.........#......#
.##...........#..##........#..####.#.........................#....#..#...#..#..#...#.........#.#....
....#.#...........##.#..#......#.##......................#.......#....###.....#.........#.####......
.......#....##.###.#.........#..##...#....#..............#..#........##......#..............###.....
.#.....###............#.##......#.....#...#...#.........#..#............#....#....###..#..#.........
.#.......#.#...###.....#.............#.......#....##.###....#...........##..#.#.........#...........
....##........#..#...#.....#.......#.#.#.#...#...#.#...........####....#............#.............#.
..#....##..............#.##........##......#......#..#.....##..#.##...............#.###.............
.....##..#.#........##.....#.......#....##...........####..#.........#.....##..#...................#
..#.##.#..#.#.##....#.......##..........###.................#..............##.#......#.......#......
.........#.#.#...#.#.#.###...........#...#....##.................#...............#..#...####........
.##..#..##.........................#.......###..................###..##.#.....##..#............#.#..
...........#.#....#....#..###..#..................#......####...#.........#.##.##...#...............
.........##..##....#...##......#.........#.....#...#.................#..#....#.#.......#.###..#.....
...#...#.........#...........###............#...##...##.#...........#..#....#.#..###....#...........
.....#..#....#.#.......#.......#.............#.###...###............#.....#.....##....#...#.....#...
..#........##.............#........##.##........###.##............##....#.................#....#.##.
..#............####................#.....#........##.##.###............#.#....##...#.............#..
#.......#...###...#...........#..##..##.#......##.#..............#......#...............#..#......#.
.....#....#........#............#.#...#...#.###.#..........................###...#.........#.###.#..
....#.....#.#.#...#.......#.....#.###.....#...........##..#........##..............###....#.........
..........##.####...........#.#.#.......#...###.......................#.##........#...........##..#.
......#.#.......#.#...........#..#..##.#.........#....#....#....###..............#...#..#.....##....
.##.##.....##....#........................##..##........#..#.###............#...............#..##...
.#.....#.....##...............#.....##.####.#.#..#....#...........##........#......#...........#....
#....#.......#.........#......#.......#.#.......#......#....#....###..#.#.......#........#....#...##
.#.....#.#...........##....###....#........##................#.........#......##....#.........###..#
....###.................#..#.........#.#..#..#........##..#.##....................#...##....###.....
##................##...........##.#..#...#............#.........###...###.....#.........#..#..#.....
#..#.#....#..#......................#.......###..#...............#.......#.....###.#.........#..###.
...##.#.........###..##....................#.#.#.......#.........#....#........#...#..#..#.....##...
..#....###...........##............###.#..................#..#......#.....#.......###...........#.##
..#..#..##.....#............#.#..###...........#.........#####..........................#.###.......
...#......#..#............#####....................##.....##........#..##..#.....#...#.......#.....#
.........................#.#..#....#.#....#..#.#.#.............#...##....###.....#......#..#.#....#.
..........#.##.....#.......###...........#............##.#.###..#....##..............#....#....#....
.......#..##....##................#.....##..###..#.........#..........#..#.#.........#...#...#.#....
....#.....##....#.###.............#.##....#...#..............#.........#..#...##....###.............
##...#..#.................##........#......#.........#...............#....#.#...#.###.....#.....###.
..............##.#.#.#..#..#..............####...#.........#.....#...#.....#.....#.#.........#.....#
....#..#..#...#.....#......##........#...####.............................##..#...#.#...........##.#
..........##..#.###.....#...........##......#....#..#...#.....#.........#..#..##........##..........
.....#.#..###....#.#...............###...#.......#.........#..........#...#..##...###...............
......#...#........####..#...#................#......#..#..#.#.#.......#.....#...#.....#.........#.#
.......#.#....#....#.##.#.##......#.##....#............#...................#........##...###........
.#........##..##........##....#.........#.#.....#...#.....#.......#....#..#........##...........#..#
....#........##...##.#................##......#....#.##.#......#............#.......###...#.#.......
.......#..####.................#...#.#.#.#.......#.#...#.......#.#....#..#.#.##.....................
.#.........#.......#.#..#..###....#.....#.......#.........#....#.........#.##........#...##.#.......
..........##.......#....#........##.............#.......#...####..#.#.......#.#..##............#...#
.....##.##.#...............##...#..#.....##..#.........#...#....................####...#...........#
#.......#...............##....##.....##........#.....#.........###...#.#........##......#....#....#.
.#...#...........##...##........#..................####....#..............#..###.#.........#....##..
...#.#.....#...#.....#......#..#......#.....###................#.#.....###....#.......#.........#..#
..#...............#..##...###..............#.....#...#...#..#...............##..##........#...###...
..............##....#.#.#.....#.#................#..#.#.....###....#.......#.#...###............#...
.......#.......###.....#......#.##.#...#.......#.........#.......#.#.##....#....#.......##..........
#..............#...........#..##.##..###..............#.##..#..##...........#..#.....##.............
.#...#....##.....#..............##.##.#...............##.#...##........##..###......................
#.............#..#.....##..#.........#..##...#.........###...#.......#..............#...#.#...#...#.
..........#.#.........###.#.#.........#...#.....#..##..##.................#.##...............##....#
.....##...##........#..#...........#...#.....###.#...............#.#.............##.##..#..#........
#.........#....#..#........##..###...............#.#.............##......#.##...#.......#.#.......#.
..........##...#....##.....###...##......#..............##.................#.#...##..............###
...........##....##..#.....#.......#...#.....#.#....#.........###.....#......##....#............##..
#.......#.....##..#............#.......#....#....#..###..#.........#.....#.#.#....##.....#..........
...#.#.....#.#.#.......#...##..................#.#.....#......##...##........##...............###...
......#......#.....#...........##...#.#..#..#...#.....#.............#####.#.........###.............
#....#........##......#....#....#....###..........#.##..#.........#..#.#....#....#...........#......
.......#.........#...##...................#.#..#.####.#.##.............#....##......#.#...#.........
#.........#...####.................##.....##........#..............#.#.#..#.##...#............#..#..
................#.#.#.....#...#.##..#........................#.#...#...........#..#.#..###.##.#.....
.......#...##....#.#.#...#.......###.#.........#......##........#...........#...#.#.#.....#.........
......#.....###...#.........#...#..##...........#....#......#..###..#.#.......#.#....#..............
..#.....#......#..#.#..#......#..#..#......#..#...........................###.#..#............####..
....#..#..............#...##....#............#.....##........##.##.#......#..#.........#..##..#.....
.........#..##.#...#......................##............#.#.##....#...#..#..#............#...#...###
#...........###..#.........#..##...#.#..##...........##...#.........#....#......#.......#.#.........
##.#.##...............#.##......#.#.....#.#.....#.........#...####...............#...........#......
........#.##.#.#....#......#.....##.##..............#.......#.#......##................#.......###..
.##.####.#.....................#..#......#..#......#..#...............#.....##.#.............##.#...
..##.#......#..#...#..........#............##.##...#.#..##...#.............#..................##...#
..##...................#.#..##.#...#...............###...........#...#...#........##..##........##..
..##....#......#.##.............##............#.....#...#....##............#..##........###...#.....
###..#...........#..#....#.#....#..#.#....#...................#.#.....#...###.#.#...................
#......##...........#.##............##....#...##...##.............#...#.....#.#.#.#...#.............
.##....#...#.....#.......#.........#.......#....#.##.................#....#.##....#...#...###.......
..##..##........#..#.........#......................#.##..###...##..#.....................#.#...##..
..#......#....####..#...............#..#..##..#..#.........#..##........#..#..#......#..............
...#....#................####...#.................##....#..#......#..#.##...#..............#.....###
.....##.#..##...............#.........#..#.#....#...........#....#.......###..#..#.....##..#........
..#.#.......#...#.............#.#.#...#.#.#.###.#.........#.#...##........#...#.....................
.#...........#...###...#....................##........##.#..#...............##....##........#..##..#
]]></system-out>
  <system-err><![CDATA[]]></system-err>
</testsuite>
